#
# A fatal error has been detected by the Java Runtime Environment:
#
#  SIGSEGV (0xb) at pc=0x00007f15cd2d4ab0, pid=5376, tid=139731192981248
#
# JRE version: Java(TM) SE Runtime Environment (8.0_91-b14) (build 1.8.0_91-b14)
# Java VM: Java HotSpot(TM) 64-Bit Server VM (25.91-b14 mixed mode linux-amd64 compressed oops)
# Problematic frame:
# V  [libjvm.so+0x8a7ab0]  Method::checked_resolve_jmethod_id(_jmethodID*)+0x20
#
# Failed to write core dump. Core dumps have been disabled. To enable core dumping, try "ulimit -c unlimited" before starting Java again
#
# If you would like to submit a bug report, please visit:
#   http://bugreport.java.com/bugreport/crash.jsp
#

---------------  T H R E A D  ---------------

Current thread (0x00007f15c80c4000):  JavaThread "JDWP Transport Listener: dt_socket" daemon [_thread_in_vm, id=5393, stack(0x00007f15b40f2000,0x00007f15b41f3000)]

siginfo: si_signo: 11 (SIGSEGV), si_code: 1 (SEGV_MAPERR), si_addr: 0x00003b72656e6e61

Registers:
RAX=0x0000000000000001, RBX=0x00007f15c8003420, RCX=0x00007f15ce40b2c0, RDX=0x00007f15cd9e42a0
RSP=0x00007f15b41f1a50, RBP=0x00007f15b41f1a60, RSI=0x00007f15c80c4000, RDI=0x00003b72656e6e61
R8 =0x00007f158c0046e0, R9 =0x0000000000000000, R10=0x00007f158c0046d0, R11=0x00007f15cdba58f0
R12=0x0000000000000017, R13=0x00003b72656e6e61, R14=0x00007f15c80c4000, R15=0x00007f15b41f1b67
RIP=0x00007f15cd2d4ab0, EFLAGS=0x0000000000010202, CSGSFS=0x0000000000000033, ERR=0x0000000000000004
  TRAPNO=0x000000000000000e

Top of Stack: (sp=0x00007f15b41f1a50)
0x00007f15b41f1a50:   0000000000000074 00007f15c8003420
0x00007f15b41f1a60:   00007f15b41f1ad0 00007f15cd1653de
0x00007f15b41f1a70:   00007f15b41f1a90 00007f15b41f1a80
0x00007f15b41f1a80:   00007f15c80c4000 0000000000000000
0x00007f15b41f1a90:   00007f1500000000 0000000000000000
0x00007f15b41f1aa0:   00007f15b41f1ac0 00007f15c7fffe40
0x00007f15b41f1ab0:   00003b72656e6e61 00007f15b41f1b67
0x00007f15b41f1ac0:   0000000000000002 00007f15b41f1b67
0x00007f15b41f1ad0:   00007f15b41f1b00 00007f15c7deb8c2
0x00007f15b41f1ae0:   00007f15b41f1b00 00003b72656e6e61
0x00007f15b41f1af0:   00007f15b41f1bd0 0000000000000010
0x00007f15b41f1b00:   00007f15b41f1b90 00007f15c7dccaa0
0x00007f15b41f1b10:   00007f15b41f1b48 00007f15b41f1b40
0x00007f15b41f1b20:   00007f15b41f1b38 00007f15b41f1b5c
0x00007f15b41f1b30:   000000018c005560 0000000000000000
0x00007f15b41f1b40:   0000000000000000 0000000000000000
0x00007f15b41f1b50:   00007f158c005860 00000000b41f1bd0
0x00007f15b41f1b60:   0000000000000003 0000000000000002
0x00007f15b41f1b70:   000000000000000f 0000000000000002
0x00007f15b41f1b80:   00000000000f0200 000000000000000f
0x00007f15b41f1b90:   00007f15b41f1de0 00007f15c7dd79c6
0x00007f15b41f1ba0:   0000109e00000013 00007f15cd0f0200
0x00007f15b41f1bb0:   00007f1584000fb0 0000000000000000
0x00007f15b41f1bc0:   00007f15b41f1bd0 00007f15b41f1d60
0x00007f15b41f1bd0:   00007f15b41f1c77 00007f15000000d5
0x00007f15b41f1be0:   00007f15b41f1be8 0000000000000057
0x00007f15b41f1bf0:   00007f15b41f1c20 0000000000000000
0x00007f15b41f1c00:   00007f0000000000 0000109e0000001c
0x00007f15b41f1c10:   00007f1500001d80 00007f15b41f1c20
0x00007f15b41f1c20:   157f000003000000 04000000a0750ec8
0x00007f15b41f1c30:   160000006e69616d 2f6176616a4c5b28
0x00007f15b41f1c40:   7274532f676e616c 000056293b676e69 

Instructions: (pc=0x00007f15cd2d4ab0)
0x00007f15cd2d4a90:   55 48 89 e5 53 48 83 ec 08 48 85 ff 75 12 31 db
0x00007f15cd2d4aa0:   48 89 d8 48 83 c4 08 5b c9 c3 66 0f 1f 44 00 00
0x00007f15cd2d4ab0:   48 8b 1f 48 85 db 74 e6 48 83 fb 37 74 e0 48 8b
0x00007f15cd2d4ac0:   03 48 89 df ff 50 10 84 c0 0f 1f 80 00 00 00 00 

Register to memory mapping:

RAX=0x0000000000000001 is an unknown value
RBX=0x00007f15c8003420 is an unknown value
RCX=0x00007f15ce40b2c0: <offset 0x2182c0> in /lib/x86_64-linux-gnu/libpthread.so.0 at 0x00007f15ce1f3000
RDX=0x00007f15cd9e42a0: <offset 0xfb72a0> in /usr/lib/jvm/java-8-oracle/jre/lib/amd64/server/libjvm.so at 0x00007f15cca2d000
RSP=0x00007f15b41f1a50 is pointing into the stack for thread: 0x00007f15c80c4000
RBP=0x00007f15b41f1a60 is pointing into the stack for thread: 0x00007f15c80c4000
RSI=0x00007f15c80c4000 is a thread
RDI=0x00003b72656e6e61 is an unknown value
R8 =0x00007f158c0046e0 is an unknown value
R9 =0x0000000000000000 is an unknown value
R10=0x00007f158c0046d0 is an unknown value
R11=0x00007f15cdba58f0: <offset 0x1958f0> in /lib/x86_64-linux-gnu/libc.so.6 at 0x00007f15cda10000
R12=0x0000000000000017 is an unknown value
R13=0x00003b72656e6e61 is an unknown value
R14=0x00007f15c80c4000 is a thread
R15=0x00007f15b41f1b67 is pointing into the stack for thread: 0x00007f15c80c4000


Stack: [0x00007f15b40f2000,0x00007f15b41f3000],  sp=0x00007f15b41f1a50,  free space=1022k
Native frames: (J=compiled Java code, j=interpreted, Vv=VM code, C=native code)
V  [libjvm.so+0x8a7ab0]  Method::checked_resolve_jmethod_id(_jmethodID*)+0x20
V  [libjvm.so+0x7383de]  jvmti_IsMethodSynthetic+0x2be
C  [libjdwp.so+0x258c2]  isMethodSynthetic+0x42
C  [libjdwp.so+0x6aa0]  methods1+0x1b0
C  [libjdwp.so+0x119c6]  debugLoop_run+0x2b6
C  [libjdwp.so+0x247ff]  attachThread+0x2f
V  [libjvm.so+0x7a48c2]  JvmtiAgentThread::call_start_function()+0xc2
V  [libjvm.so+0xa6b77f]  JavaThread::thread_main_inner()+0xdf
V  [libjvm.so+0xa6b8ac]  JavaThread::run()+0x11c
V  [libjvm.so+0x91ef78]  java_start(Thread*)+0x108
C  [libpthread.so.0+0x76fa]  start_thread+0xca


---------------  P R O C E S S  ---------------

Java Threads: ( => current thread )
  0x00007f15c80d1800 JavaThread "Service Thread" daemon [_thread_blocked, id=5402, stack(0x00007f15aedcf000,0x00007f15aeed0000)]
  0x00007f15c80ce800 JavaThread "C1 CompilerThread2" daemon [_thread_blocked, id=5401, stack(0x00007f15aeed0000,0x00007f15aefd1000)]
  0x00007f15c80cc800 JavaThread "C2 CompilerThread1" daemon [_thread_blocked, id=5400, stack(0x00007f15aefd1000,0x00007f15af0d2000)]
  0x00007f15c80c9800 JavaThread "C2 CompilerThread0" daemon [_thread_blocked, id=5399, stack(0x00007f15af0d2000,0x00007f15af1d3000)]
  0x00007f158c001000 JavaThread "JDWP Command Reader" daemon [_thread_in_native, id=5397, stack(0x00007f15af1d3000,0x00007f15af2d4000)]
  0x00007f15c80c7800 JavaThread "JDWP Event Helper Thread" daemon [_thread_blocked, id=5395, stack(0x00007f15af2d4000,0x00007f15af3d5000)]
=>0x00007f15c80c4000 JavaThread "JDWP Transport Listener: dt_socket" daemon [_thread_in_vm, id=5393, stack(0x00007f15b40f2000,0x00007f15b41f3000)]
  0x00007f15c80b6000 JavaThread "Signal Dispatcher" daemon [_thread_blocked, id=5391, stack(0x00007f15b4675000,0x00007f15b4776000)]
  0x00007f15c8084000 JavaThread "Finalizer" daemon [_thread_blocked, id=5390, stack(0x00007f15b4776000,0x00007f15b4877000)]
  0x00007f15c807f800 JavaThread "Reference Handler" daemon [_thread_blocked, id=5389, stack(0x00007f15b4877000,0x00007f15b4978000)]
  0x00007f15c800a000 JavaThread "main" [_thread_in_native, id=5379, stack(0x00007f15ce4f1000,0x00007f15ce5f2000)]

Other Threads:
  0x00007f15c8077800 VMThread [stack: 0x00007f15b4978000,0x00007f15b4a79000] [id=5388]
  0x00007f15c80d4800 WatcherThread [stack: 0x00007f15aecce000,0x00007f15aedcf000] [id=5403]

VM state:not at safepoint (normal execution)

VM Mutex/Monitor currently owned by a thread: None

Heap:
 PSYoungGen      total 17920K, used 1536K [0x00000000ec000000, 0x00000000ed400000, 0x0000000100000000)
  eden space 15360K, 10% used [0x00000000ec000000,0x00000000ec180098,0x00000000ecf00000)
  from space 2560K, 0% used [0x00000000ed180000,0x00000000ed180000,0x00000000ed400000)
  to   space 2560K, 0% used [0x00000000ecf00000,0x00000000ecf00000,0x00000000ed180000)
 ParOldGen       total 40960K, used 0K [0x00000000c4000000, 0x00000000c6800000, 0x00000000ec000000)
  object space 40960K, 0% used [0x00000000c4000000,0x00000000c4000000,0x00000000c6800000)
 Metaspace       used 3480K, capacity 4642K, committed 4864K, reserved 1056768K
  class space    used 390K, capacity 394K, committed 512K, reserved 1048576K

Card table byte_map: [0x00007f15b812a000,0x00007f15b830b000] byte_map_base: 0x00007f15b7b0a000

Marking Bits: (ParMarkBitMap*) 0x00007f15cd9e3d60
 Begin Bits: [0x00007f15b5de6000, 0x00007f15b6ce6000)
 End Bits:   [0x00007f15b6ce6000, 0x00007f15b7be6000)

Polling page: 0x00007f15ce632000

CodeCache: size=245760Kb used=1156Kb max_used=1156Kb free=244603Kb
 bounds [0x00007f15b86cb000, 0x00007f15b893b000, 0x00007f15c76cb000]
 total_blobs=290 nmethods=57 adapters=155
 compilation: enabled

Compilation events (10 events):
Event: 0,152 Thread 0x00007f15c80ce800   53       3       java.util.regex.Pattern::next (33 bytes)
Event: 0,152 Thread 0x00007f15c80ce800 nmethod 53 0x00007f15b87eadd0 code [0x00007f15b87eaf60, 0x00007f15b87eb228]
Event: 0,152 Thread 0x00007f15c80ce800   52       3       java.lang.Character::isBmpCodePoint (13 bytes)
Event: 0,152 Thread 0x00007f15c80ce800 nmethod 52 0x00007f15b87eb350 code [0x00007f15b87eb4c0, 0x00007f15b87eb650]
Event: 0,152 Thread 0x00007f15c80ce800   54       1       java.util.regex.Pattern::flags (5 bytes)
Event: 0,152 Thread 0x00007f15c80ce800 nmethod 54 0x00007f15b87eb6d0 code [0x00007f15b87eb820, 0x00007f15b87eb930]
Event: 0,152 Thread 0x00007f15c80ce800   55       3       java.util.regex.ASCII::isAscii (13 bytes)
Event: 0,152 Thread 0x00007f15c80ce800 nmethod 55 0x00007f15b87eb990 code [0x00007f15b87ebb00, 0x00007f15b87ebc90]
Event: 384,583 Thread 0x00007f15c80ce800   56       3       java.util.concurrent.ConcurrentHashMap::setTabAt (19 bytes)
Event: 384,584 Thread 0x00007f15c80ce800 nmethod 56 0x00007f15b87ec090 code [0x00007f15b87ec1e0, 0x00007f15b87ec350]

GC Heap History (0 events):
No events

Deoptimization events (0 events):
No events

Internal exceptions (6 events):
Event: 0,020 Thread 0x00007f15c800a000 Exception <a 'java/lang/NoSuchMethodError': Method sun.misc.Unsafe.defineClass(Ljava/lang/String;[BII)Ljava/lang/Class; name or signature does not match> (0x00000000ec007cc0) thrown at [/HUDSON/workspace/8-2-build-linux-amd64/jdk8u91/6644/hotspot/src/shar
Event: 0,020 Thread 0x00007f15c800a000 Exception <a 'java/lang/NoSuchMethodError': Method sun.misc.Unsafe.prefetchRead(Ljava/lang/Object;J)V name or signature does not match> (0x00000000ec007fa8) thrown at [/HUDSON/workspace/8-2-build-linux-amd64/jdk8u91/6644/hotspot/src/share/vm/prims/jni.cpp
Event: 0,137 Thread 0x00007f15c800a000 Exception <a 'java/security/PrivilegedActionException'> (0x00000000ec082fb8) thrown at [/HUDSON/workspace/8-2-build-linux-amd64/jdk8u91/6644/hotspot/src/share/vm/prims/jvm.cpp, line 1386]
Event: 0,137 Thread 0x00007f15c800a000 Exception <a 'java/security/PrivilegedActionException'> (0x00000000ec0833b0) thrown at [/HUDSON/workspace/8-2-build-linux-amd64/jdk8u91/6644/hotspot/src/share/vm/prims/jvm.cpp, line 1386]
Event: 0,138 Thread 0x00007f15c800a000 Exception <a 'java/security/PrivilegedActionException'> (0x00000000ec0859d8) thrown at [/HUDSON/workspace/8-2-build-linux-amd64/jdk8u91/6644/hotspot/src/share/vm/prims/jvm.cpp, line 1386]
Event: 0,138 Thread 0x00007f15c800a000 Exception <a 'java/security/PrivilegedActionException'> (0x00000000ec085dd0) thrown at [/HUDSON/workspace/8-2-build-linux-amd64/jdk8u91/6644/hotspot/src/share/vm/prims/jvm.cpp, line 1386]

Events (10 events):
Event: 46,037 Executing VM operation: RedefineClasses
Event: 46,037 Executing VM operation: RedefineClasses done
Event: 61,253 Executing VM operation: RedefineClasses
Event: 61,253 Executing VM operation: RedefineClasses done
Event: 384,584 Executing VM operation: RedefineClasses
Event: 384,584 Executing VM operation: RedefineClasses done
Event: 387,492 Executing VM operation: ChangeBreakpoints
Event: 387,492 Executing VM operation: ChangeBreakpoints done
Event: 410,946 Executing VM operation: RedefineClasses
Event: 410,946 Executing VM operation: RedefineClasses done


Dynamic libraries:
00400000-00401000 r-xp 00000000 08:01 524368                             /usr/lib/jvm/java-8-oracle/bin/java
00600000-00601000 rw-p 00000000 08:01 524368                             /usr/lib/jvm/java-8-oracle/bin/java
00b31000-00b52000 rw-p 00000000 00:00 0                                  [heap]
c4000000-c6800000 rw-p 00000000 00:00 0 
c6800000-ec000000 ---p 00000000 00:00 0 
ec000000-ed400000 rw-p 00000000 00:00 0 
ed400000-100000000 ---p 00000000 00:00 0 
100000000-100080000 rw-p 00000000 00:00 0 
100080000-140000000 ---p 00000000 00:00 0 
7f1568000000-7f1568021000 rw-p 00000000 00:00 0 
7f1568021000-7f156c000000 ---p 00000000 00:00 0 
7f1570000000-7f1570048000 rw-p 00000000 00:00 0 
7f1570048000-7f1574000000 ---p 00000000 00:00 0 
7f1574000000-7f1574021000 rw-p 00000000 00:00 0 
7f1574021000-7f1578000000 ---p 00000000 00:00 0 
7f1578000000-7f157804e000 rw-p 00000000 00:00 0 
7f157804e000-7f157c000000 ---p 00000000 00:00 0 
7f157c000000-7f157c021000 rw-p 00000000 00:00 0 
7f157c021000-7f1580000000 ---p 00000000 00:00 0 
7f1580000000-7f1580021000 rw-p 00000000 00:00 0 
7f1580021000-7f1584000000 ---p 00000000 00:00 0 
7f1584000000-7f1584021000 rw-p 00000000 00:00 0 
7f1584021000-7f1588000000 ---p 00000000 00:00 0 
7f1588000000-7f1588021000 rw-p 00000000 00:00 0 
7f1588021000-7f158c000000 ---p 00000000 00:00 0 
7f158c000000-7f158c023000 rw-p 00000000 00:00 0 
7f158c023000-7f1590000000 ---p 00000000 00:00 0 
7f1590000000-7f1590021000 rw-p 00000000 00:00 0 
7f1590021000-7f1594000000 ---p 00000000 00:00 0 
7f1594000000-7f1594021000 rw-p 00000000 00:00 0 
7f1594021000-7f1598000000 ---p 00000000 00:00 0 
7f1598000000-7f1598021000 rw-p 00000000 00:00 0 
7f1598021000-7f159c000000 ---p 00000000 00:00 0 
7f159c000000-7f159c021000 rw-p 00000000 00:00 0 
7f159c021000-7f15a0000000 ---p 00000000 00:00 0 
7f15a0000000-7f15a0021000 rw-p 00000000 00:00 0 
7f15a0021000-7f15a4000000 ---p 00000000 00:00 0 
7f15a8000000-7f15a8021000 rw-p 00000000 00:00 0 
7f15a8021000-7f15ac000000 ---p 00000000 00:00 0 
7f15aeb38000-7f15aecce000 rw-p 00000000 00:00 0 
7f15aecce000-7f15aeccf000 ---p 00000000 00:00 0 
7f15aeccf000-7f15aedcf000 rw-p 00000000 00:00 0 
7f15aedcf000-7f15aedd2000 ---p 00000000 00:00 0 
7f15aedd2000-7f15aeed0000 rw-p 00000000 00:00 0 
7f15aeed0000-7f15aeed3000 ---p 00000000 00:00 0 
7f15aeed3000-7f15aefd1000 rw-p 00000000 00:00 0 
7f15aefd1000-7f15aefd4000 ---p 00000000 00:00 0 
7f15aefd4000-7f15af0d2000 rw-p 00000000 00:00 0 
7f15af0d2000-7f15af0d5000 ---p 00000000 00:00 0 
7f15af0d5000-7f15af1d3000 rw-p 00000000 00:00 0 
7f15af1d3000-7f15af1d6000 ---p 00000000 00:00 0 
7f15af1d6000-7f15af2d4000 rw-p 00000000 00:00 0 
7f15af2d4000-7f15af2d7000 ---p 00000000 00:00 0 
7f15af2d7000-7f15af3d5000 rw-p 00000000 00:00 0 
7f15af3d5000-7f15af3e0000 r-xp 00000000 08:01 2364372                    /lib/x86_64-linux-gnu/libnss_files-2.23.so
7f15af3e0000-7f15af5df000 ---p 0000b000 08:01 2364372                    /lib/x86_64-linux-gnu/libnss_files-2.23.so
7f15af5df000-7f15af5e0000 r--p 0000a000 08:01 2364372                    /lib/x86_64-linux-gnu/libnss_files-2.23.so
7f15af5e0000-7f15af5e1000 rw-p 0000b000 08:01 2364372                    /lib/x86_64-linux-gnu/libnss_files-2.23.so
7f15af5e1000-7f15af5e7000 rw-p 00000000 00:00 0 
7f15af5e7000-7f15af5fd000 r-xp 00000000 08:01 2364366                    /lib/x86_64-linux-gnu/libnsl-2.23.so
7f15af5fd000-7f15af7fc000 ---p 00016000 08:01 2364366                    /lib/x86_64-linux-gnu/libnsl-2.23.so
7f15af7fc000-7f15af7fd000 r--p 00015000 08:01 2364366                    /lib/x86_64-linux-gnu/libnsl-2.23.so
7f15af7fd000-7f15af7fe000 rw-p 00016000 08:01 2364366                    /lib/x86_64-linux-gnu/libnsl-2.23.so
7f15af7fe000-7f15afc40000 rw-p 00000000 00:00 0 
7f15afc40000-7f15b0000000 ---p 00000000 00:00 0 
7f15b0000000-7f15b0021000 rw-p 00000000 00:00 0 
7f15b0021000-7f15b4000000 ---p 00000000 00:00 0 
7f15b4003000-7f15b40f2000 rw-p 00000000 00:00 0 
7f15b40f2000-7f15b40f5000 ---p 00000000 00:00 0 
7f15b40f5000-7f15b41f3000 rw-p 00000000 00:00 0 
7f15b41f3000-7f15b41fe000 r-xp 00000000 08:01 2364382                    /lib/x86_64-linux-gnu/libnss_nis-2.23.so
7f15b41fe000-7f15b43fd000 ---p 0000b000 08:01 2364382                    /lib/x86_64-linux-gnu/libnss_nis-2.23.so
7f15b43fd000-7f15b43fe000 r--p 0000a000 08:01 2364382                    /lib/x86_64-linux-gnu/libnss_nis-2.23.so
7f15b43fe000-7f15b43ff000 rw-p 0000b000 08:01 2364382                    /lib/x86_64-linux-gnu/libnss_nis-2.23.so
7f15b443c000-7f15b4471000 r--s 00000000 08:01 1339482                    /var/cache/nscd/hosts
7f15b4471000-7f15b4475000 r-xp 00000000 08:01 533177                     /usr/lib/jvm/java-8-oracle/jre/lib/amd64/libdt_socket.so
7f15b4475000-7f15b4674000 ---p 00004000 08:01 533177                     /usr/lib/jvm/java-8-oracle/jre/lib/amd64/libdt_socket.so
7f15b4674000-7f15b4675000 rw-p 00003000 08:01 533177                     /usr/lib/jvm/java-8-oracle/jre/lib/amd64/libdt_socket.so
7f15b4675000-7f15b4678000 ---p 00000000 00:00 0 
7f15b4678000-7f15b4776000 rw-p 00000000 00:00 0 
7f15b4776000-7f15b4779000 ---p 00000000 00:00 0 
7f15b4779000-7f15b4877000 rw-p 00000000 00:00 0 
7f15b4877000-7f15b487a000 ---p 00000000 00:00 0 
7f15b487a000-7f15b4978000 rw-p 00000000 00:00 0 
7f15b4978000-7f15b4979000 ---p 00000000 00:00 0 
7f15b4979000-7f15b5a2d000 rw-p 00000000 00:00 0 
7f15b5a2d000-7f15b5c06000 r--s 03d1f000 08:01 533091                     /usr/lib/jvm/java-8-oracle/jre/lib/rt.jar
7f15b5c06000-7f15b7be6000 rw-p 00000000 00:00 0 
7f15b7be6000-7f15b7be7000 ---p 00000000 00:00 0 
7f15b7be7000-7f15b7ce7000 rw-p 00000000 00:00 0 
7f15b7ce7000-7f15b7ce8000 ---p 00000000 00:00 0 
7f15b7ce8000-7f15b7de8000 rw-p 00000000 00:00 0 
7f15b7de8000-7f15b7de9000 ---p 00000000 00:00 0 
7f15b7de9000-7f15b7ee9000 rw-p 00000000 00:00 0 
7f15b7ee9000-7f15b7eea000 ---p 00000000 00:00 0 
7f15b7eea000-7f15b7ffe000 rw-p 00000000 00:00 0 
7f15b7ffe000-7f15b812a000 ---p 00000000 00:00 0 
7f15b812a000-7f15b813e000 rw-p 00000000 00:00 0 
7f15b813e000-7f15b826a000 ---p 00000000 00:00 0 
7f15b826a000-7f15b8274000 rw-p 00000000 00:00 0 
7f15b8274000-7f15b830a000 ---p 00000000 00:00 0 
7f15b830a000-7f15b8315000 rw-p 00000000 00:00 0 
7f15b8315000-7f15b86cb000 ---p 00000000 00:00 0 
7f15b86cb000-7f15b893b000 rwxp 00000000 00:00 0 
7f15b893b000-7f15c76cb000 ---p 00000000 00:00 0 
7f15c76cb000-7f15c76e5000 r-xp 00000000 08:01 533201                     /usr/lib/jvm/java-8-oracle/jre/lib/amd64/libzip.so
7f15c76e5000-7f15c78e5000 ---p 0001a000 08:01 533201                     /usr/lib/jvm/java-8-oracle/jre/lib/amd64/libzip.so
7f15c78e5000-7f15c78e6000 rw-p 0001a000 08:01 533201                     /usr/lib/jvm/java-8-oracle/jre/lib/amd64/libzip.so
7f15c78e6000-7f15c7bc3000 r--p 00000000 08:01 446408                     /usr/lib/locale/locale-archive
7f15c7bc3000-7f15c7bc5000 r-xp 00000000 08:01 533178                     /usr/lib/jvm/java-8-oracle/jre/lib/amd64/libnpt.so
7f15c7bc5000-7f15c7dc5000 ---p 00002000 08:01 533178                     /usr/lib/jvm/java-8-oracle/jre/lib/amd64/libnpt.so
7f15c7dc5000-7f15c7dc6000 rw-p 00002000 08:01 533178                     /usr/lib/jvm/java-8-oracle/jre/lib/amd64/libnpt.so
7f15c7dc6000-7f15c7dff000 r-xp 00000000 08:01 533190                     /usr/lib/jvm/java-8-oracle/jre/lib/amd64/libjdwp.so
7f15c7dff000-7f15c7ffe000 ---p 00039000 08:01 533190                     /usr/lib/jvm/java-8-oracle/jre/lib/amd64/libjdwp.so
7f15c7ffe000-7f15c8000000 rw-p 00038000 08:01 533190                     /usr/lib/jvm/java-8-oracle/jre/lib/amd64/libjdwp.so
7f15c8000000-7f15c815c000 rw-p 00000000 00:00 0 
7f15c815c000-7f15cc000000 ---p 00000000 00:00 0 
7f15cc012000-7f15cc01c000 r--s 00116000 08:01 533154                     /usr/lib/jvm/java-8-oracle/jre/lib/ext/localedata.jar
7f15cc01c000-7f15cc0e1000 rw-p 00000000 00:00 0 
7f15cc0e1000-7f15cc10b000 r-xp 00000000 08:01 533196                     /usr/lib/jvm/java-8-oracle/jre/lib/amd64/libjava.so
7f15cc10b000-7f15cc30b000 ---p 0002a000 08:01 533196                     /usr/lib/jvm/java-8-oracle/jre/lib/amd64/libjava.so
7f15cc30b000-7f15cc30d000 rw-p 0002a000 08:01 533196                     /usr/lib/jvm/java-8-oracle/jre/lib/amd64/libjava.so
7f15cc30d000-7f15cc31a000 r-xp 00000000 08:01 533200                     /usr/lib/jvm/java-8-oracle/jre/lib/amd64/libverify.so
7f15cc31a000-7f15cc51a000 ---p 0000d000 08:01 533200                     /usr/lib/jvm/java-8-oracle/jre/lib/amd64/libverify.so
7f15cc51a000-7f15cc51c000 rw-p 0000d000 08:01 533200                     /usr/lib/jvm/java-8-oracle/jre/lib/amd64/libverify.so
7f15cc51c000-7f15cc523000 r-xp 00000000 08:01 2364427                    /lib/x86_64-linux-gnu/librt-2.23.so
7f15cc523000-7f15cc722000 ---p 00007000 08:01 2364427                    /lib/x86_64-linux-gnu/librt-2.23.so
7f15cc722000-7f15cc723000 r--p 00006000 08:01 2364427                    /lib/x86_64-linux-gnu/librt-2.23.so
7f15cc723000-7f15cc724000 rw-p 00007000 08:01 2364427                    /lib/x86_64-linux-gnu/librt-2.23.so
7f15cc724000-7f15cc82c000 r-xp 00000000 08:01 2364343                    /lib/x86_64-linux-gnu/libm-2.23.so
7f15cc82c000-7f15cca2b000 ---p 00108000 08:01 2364343                    /lib/x86_64-linux-gnu/libm-2.23.so
7f15cca2b000-7f15cca2c000 r--p 00107000 08:01 2364343                    /lib/x86_64-linux-gnu/libm-2.23.so
7f15cca2c000-7f15cca2d000 rw-p 00108000 08:01 2364343                    /lib/x86_64-linux-gnu/libm-2.23.so
7f15cca2d000-7f15cd6ed000 r-xp 00000000 08:01 794272                     /usr/lib/jvm/java-8-oracle/jre/lib/amd64/server/libjvm.so
7f15cd6ed000-7f15cd8ed000 ---p 00cc0000 08:01 794272                     /usr/lib/jvm/java-8-oracle/jre/lib/amd64/server/libjvm.so
7f15cd8ed000-7f15cd9c5000 rw-p 00cc0000 08:01 794272                     /usr/lib/jvm/java-8-oracle/jre/lib/amd64/server/libjvm.so
7f15cd9c5000-7f15cda10000 rw-p 00000000 00:00 0 
7f15cda10000-7f15cdbd0000 r-xp 00000000 08:01 2364273                    /lib/x86_64-linux-gnu/libc-2.23.so
7f15cdbd0000-7f15cddcf000 ---p 001c0000 08:01 2364273                    /lib/x86_64-linux-gnu/libc-2.23.so
7f15cddcf000-7f15cddd3000 r--p 001bf000 08:01 2364273                    /lib/x86_64-linux-gnu/libc-2.23.so
7f15cddd3000-7f15cddd5000 rw-p 001c3000 08:01 2364273                    /lib/x86_64-linux-gnu/libc-2.23.so
7f15cddd5000-7f15cddd9000 rw-p 00000000 00:00 0 
7f15cddd9000-7f15cdddc000 r-xp 00000000 08:01 2364297                    /lib/x86_64-linux-gnu/libdl-2.23.so
7f15cdddc000-7f15cdfdb000 ---p 00003000 08:01 2364297                    /lib/x86_64-linux-gnu/libdl-2.23.so
7f15cdfdb000-7f15cdfdc000 r--p 00002000 08:01 2364297                    /lib/x86_64-linux-gnu/libdl-2.23.so
7f15cdfdc000-7f15cdfdd000 rw-p 00003000 08:01 2364297                    /lib/x86_64-linux-gnu/libdl-2.23.so
7f15cdfdd000-7f15cdff2000 r-xp 00000000 08:01 532905                     /usr/lib/jvm/java-8-oracle/lib/amd64/jli/libjli.so
7f15cdff2000-7f15ce1f2000 ---p 00015000 08:01 532905                     /usr/lib/jvm/java-8-oracle/lib/amd64/jli/libjli.so
7f15ce1f2000-7f15ce1f3000 rw-p 00015000 08:01 532905                     /usr/lib/jvm/java-8-oracle/lib/amd64/jli/libjli.so
7f15ce1f3000-7f15ce20b000 r-xp 00000000 08:01 2364419                    /lib/x86_64-linux-gnu/libpthread-2.23.so
7f15ce20b000-7f15ce40a000 ---p 00018000 08:01 2364419                    /lib/x86_64-linux-gnu/libpthread-2.23.so
7f15ce40a000-7f15ce40b000 r--p 00017000 08:01 2364419                    /lib/x86_64-linux-gnu/libpthread-2.23.so
7f15ce40b000-7f15ce40c000 rw-p 00018000 08:01 2364419                    /lib/x86_64-linux-gnu/libpthread-2.23.so
7f15ce40c000-7f15ce410000 rw-p 00000000 00:00 0 
7f15ce410000-7f15ce436000 r-xp 00000000 08:01 2364245                    /lib/x86_64-linux-gnu/ld-2.23.so
7f15ce437000-7f15ce453000 r--s 00393000 08:01 533147                     /usr/lib/jvm/java-8-oracle/jre/lib/ext/cldrdata.jar
7f15ce453000-7f15ce4e9000 rw-p 00000000 00:00 0 
7f15ce4e9000-7f15ce4f1000 rw-s 00000000 08:01 3020749                    /tmp/hsperfdata_amaglioa/5376
7f15ce4f1000-7f15ce4f4000 ---p 00000000 00:00 0 
7f15ce4f4000-7f15ce5f6000 rw-p 00000000 00:00 0 
7f15ce5fc000-7f15ce631000 r--s 00000000 08:01 1339478                    /var/cache/nscd/passwd
7f15ce631000-7f15ce632000 rw-p 00000000 00:00 0 
7f15ce632000-7f15ce633000 r--p 00000000 00:00 0 
7f15ce633000-7f15ce635000 rw-p 00000000 00:00 0 
7f15ce635000-7f15ce636000 r--p 00025000 08:01 2364245                    /lib/x86_64-linux-gnu/ld-2.23.so
7f15ce636000-7f15ce637000 rw-p 00026000 08:01 2364245                    /lib/x86_64-linux-gnu/ld-2.23.so
7f15ce637000-7f15ce638000 rw-p 00000000 00:00 0 
7ffe04c79000-7ffe04c9a000 rw-p 00000000 00:00 0                          [stack]
7ffe04cc9000-7ffe04ccb000 r--p 00000000 00:00 0                          [vvar]
7ffe04ccb000-7ffe04ccd000 r-xp 00000000 00:00 0                          [vdso]
ffffffffff600000-ffffffffff601000 r-xp 00000000 00:00 0                  [vsyscall]

VM Arguments:
jvm_args: -agentlib:jdwp=transport=dt_socket,suspend=y,address=localhost:46616 -Dfile.encoding=UTF-8 
java_command: apnee1.Essai_scanner
java_class_path (initial): /home/a/amaglioa/workspace/apnee1/bin
Launcher Type: SUN_STANDARD

Environment Variables:
PATH=/usr/local/bin:/usr/local/sbin:/usr/bin:/usr/sbin:/bin:/sbin:/snap/bin
SHELL=/bin/bash
DISPLAY=:0.0

Signal Handlers:
SIGSEGV: [libjvm.so+0xabca10], sa_mask[0]=11111111011111111101111111111110, sa_flags=SA_RESTART|SA_SIGINFO
SIGBUS: [libjvm.so+0xabca10], sa_mask[0]=11111111011111111101111111111110, sa_flags=SA_RESTART|SA_SIGINFO
SIGFPE: [libjvm.so+0x919a20], sa_mask[0]=11111111011111111101111111111110, sa_flags=SA_RESTART|SA_SIGINFO
SIGPIPE: [libjvm.so+0x919a20], sa_mask[0]=11111111011111111101111111111110, sa_flags=SA_RESTART|SA_SIGINFO
SIGXFSZ: [libjvm.so+0x919a20], sa_mask[0]=11111111011111111101111111111110, sa_flags=SA_RESTART|SA_SIGINFO
SIGILL: [libjvm.so+0x919a20], sa_mask[0]=11111111011111111101111111111110, sa_flags=SA_RESTART|SA_SIGINFO
SIGUSR1: SIG_DFL, sa_mask[0]=00000000000000000000000000000000, sa_flags=none
SIGUSR2: [libjvm.so+0x91b050], sa_mask[0]=00100000000000000000000000000000, sa_flags=SA_RESTART|SA_SIGINFO
SIGHUP: [libjvm.so+0x91c450], sa_mask[0]=11111111011111111101111111111110, sa_flags=SA_RESTART|SA_SIGINFO
SIGINT: [libjvm.so+0x91c450], sa_mask[0]=11111111011111111101111111111110, sa_flags=SA_RESTART|SA_SIGINFO
SIGTERM: [libjvm.so+0x91c450], sa_mask[0]=11111111011111111101111111111110, sa_flags=SA_RESTART|SA_SIGINFO
SIGQUIT: [libjvm.so+0x91c450], sa_mask[0]=11111111011111111101111111111110, sa_flags=SA_RESTART|SA_SIGINFO


---------------  S Y S T E M  ---------------

OS:DISTRIB_ID=Ubuntu
DISTRIB_RELEASE=16.04
DISTRIB_CODENAME=xenial
DISTRIB_DESCRIPTION="Ubuntu 16.04 LTS"

uname:Linux 4.4.0-59-generic #80-Ubuntu SMP Fri Jan 6 17:47:47 UTC 2017 x86_64
libc:glibc 2.23 NPTL 2.23 
rlimit: STACK 8192k, CORE 0k, NPROC 15200, NOFILE 65536, AS infinity
load average:1,95 0,76 0,63

/proc/meminfo:
MemTotal:        3930572 kB
MemFree:          369376 kB
MemAvailable:    1844324 kB
Buffers:          133064 kB
Cached:          1654032 kB
SwapCached:            0 kB
Active:          2209540 kB
Inactive:        1142768 kB
Active(anon):    1508684 kB
Inactive(anon):   215300 kB
Active(file):     700856 kB
Inactive(file):   927468 kB
Unevictable:          32 kB
Mlocked:              32 kB
SwapTotal:      16724988 kB
SwapFree:       16724988 kB
Dirty:              4224 kB
Writeback:             0 kB
AnonPages:       1565264 kB
Mapped:           361720 kB
Shmem:            158776 kB
Slab:             130560 kB
SReclaimable:      98560 kB
SUnreclaim:        32000 kB
KernelStack:       12368 kB
PageTables:        24708 kB
NFS_Unstable:          0 kB
Bounce:                0 kB
WritebackTmp:          0 kB
CommitLimit:    18690272 kB
Committed_AS:    5097708 kB
VmallocTotal:   34359738367 kB
VmallocUsed:           0 kB
VmallocChunk:          0 kB
HardwareCorrupted:     0 kB
AnonHugePages:    917504 kB
CmaTotal:              0 kB
CmaFree:               0 kB
HugePages_Total:       0
HugePages_Free:        0
HugePages_Rsvd:        0
HugePages_Surp:        0
Hugepagesize:       2048 kB
DirectMap4k:      125888 kB
DirectMap2M:     3952640 kB


CPU:total 4 (4 cores per cpu, 1 threads per core) family 6 model 58 stepping 9, cmov, cx8, fxsr, mmx, sse, sse2, sse3, ssse3, sse4.1, sse4.2, popcnt, avx, aes, clmul, erms, tsc, tscinvbit, tscinv

/proc/cpuinfo:
processor	: 0
vendor_id	: GenuineIntel
cpu family	: 6
model		: 58
model name	: Intel(R) Core(TM) i5-3470 CPU @ 3.20GHz
stepping	: 9
microcode	: 0x19
cpu MHz		: 3426.750
cache size	: 6144 KB
physical id	: 0
siblings	: 4
core id		: 0
cpu cores	: 4
apicid		: 0
initial apicid	: 0
fpu		: yes
fpu_exception	: yes
cpuid level	: 13
wp		: yes
flags		: fpu vme de pse tsc msr pae mce cx8 apic sep mtrr pge mca cmov pat pse36 clflush dts acpi mmx fxsr sse sse2 ss ht tm pbe syscall nx rdtscp lm constant_tsc arch_perfmon pebs bts rep_good nopl xtopology nonstop_tsc aperfmperf eagerfpu pni pclmulqdq dtes64 monitor ds_cpl vmx smx est tm2 ssse3 cx16 xtpr pdcm pcid sse4_1 sse4_2 x2apic popcnt tsc_deadline_timer aes xsave avx f16c rdrand lahf_lm epb tpr_shadow vnmi flexpriority ept vpid fsgsbase smep erms xsaveopt dtherm ida arat pln pts
bugs		:
bogomips	: 6385.72
clflush size	: 64
cache_alignment	: 64
address sizes	: 36 bits physical, 48 bits virtual
power management:

processor	: 1
vendor_id	: GenuineIntel
cpu family	: 6
model		: 58
model name	: Intel(R) Core(TM) i5-3470 CPU @ 3.20GHz
stepping	: 9
microcode	: 0x19
cpu MHz		: 3419.875
cache size	: 6144 KB
physical id	: 0
siblings	: 4
core id		: 1
cpu cores	: 4
apicid		: 2
initial apicid	: 2
fpu		: yes
fpu_exception	: yes
cpuid level	: 13
wp		: yes
flags		: fpu vme de pse tsc msr pae mce cx8 apic sep mtrr pge mca cmov pat pse36 clflush dts acpi mmx fxsr sse sse2 ss ht tm pbe syscall nx rdtscp lm constant_tsc arch_perfmon pebs bts rep_good nopl xtopology nonstop_tsc aperfmperf eagerfpu pni pclmulqdq dtes64 monitor ds_cpl vmx smx est tm2 ssse3 cx16 xtpr pdcm pcid sse4_1 sse4_2 x2apic popcnt tsc_deadline_timer aes xsave avx f16c rdrand lahf_lm epb tpr_shadow vnmi flexpriority ept vpid fsgsbase smep erms xsaveopt dtherm ida arat pln pts
bugs		:
bogomips	: 6385.72
clflush size	: 64
cache_alignment	: 64
address sizes	: 36 bits physical, 48 bits virtual
power management:

processor	: 2
vendor_id	: GenuineIntel
cpu family	: 6
model		: 58
model name	: Intel(R) Core(TM) i5-3470 CPU @ 3.20GHz
stepping	: 9
microcode	: 0x19
cpu MHz		: 3436.875
cache size	: 6144 KB
physical id	: 0
siblings	: 4
core id		: 2
cpu cores	: 4
apicid		: 4
initial apicid	: 4
fpu		: yes
fpu_exception	: yes
cpuid level	: 13
wp		: yes
flags		: fpu vme de pse tsc msr pae mce cx8 apic sep mtrr pge mca cmov pat pse36 clflush dts acpi mmx fxsr sse sse2 ss ht tm pbe syscall nx rdtscp lm constant_tsc arch_perfmon pebs bts rep_good nopl xtopology nonstop_tsc aperfmperf eagerfpu pni pclmulqdq dtes64 monitor ds_cpl vmx smx est tm2 ssse3 cx16 xtpr pdcm pcid sse4_1 sse4_2 x2apic popcnt tsc_deadline_timer aes xsave avx f16c rdrand lahf_lm epb tpr_shadow vnmi flexpriority ept vpid fsgsbase smep erms xsaveopt dtherm ida arat pln pts
bugs		:
bogomips	: 6385.72
clflush size	: 64
cache_alignment	: 64
address sizes	: 36 bits physical, 48 bits virtual
power management:

processor	: 3
vendor_id	: GenuineIntel
cpu family	: 6
model		: 58
model name	: Intel(R) Core(TM) i5-3470 CPU @ 3.20GHz
stepping	: 9
microcode	: 0x19
cpu MHz		: 3404.250
cache size	: 6144 KB
physical id	: 0
siblings	: 4
core id		: 3
cpu cores	: 4
apicid		: 6
initial apicid	: 6
fpu		: yes
fpu_exception	: yes
cpuid level	: 13
wp		: yes
flags		: fpu vme de pse tsc msr pae mce cx8 apic sep mtrr pge mca cmov pat pse36 clflush dts acpi mmx fxsr sse sse2 ss ht tm pbe syscall nx rdtscp lm constant_tsc arch_perfmon pebs bts rep_good nopl xtopology nonstop_tsc aperfmperf eagerfpu pni pclmulqdq dtes64 monitor ds_cpl vmx smx est tm2 ssse3 cx16 xtpr pdcm pcid sse4_1 sse4_2 x2apic popcnt tsc_deadline_timer aes xsave avx f16c rdrand lahf_lm epb tpr_shadow vnmi flexpriority ept vpid fsgsbase smep erms xsaveopt dtherm ida arat pln pts
bugs		:
bogomips	: 6385.72
clflush size	: 64
cache_alignment	: 64
address sizes	: 36 bits physical, 48 bits virtual
power management:



Memory: 4k page, physical 3930572k(369376k free), swap 16724988k(16724988k free)

vm_info: Java HotSpot(TM) 64-Bit Server VM (25.91-b14) for linux-amd64 JRE (1.8.0_91-b14), built on Apr  1 2016 00:57:21 by "java_re" with gcc 4.3.0 20080428 (Red Hat 4.3.0-8)

time: Wed Jan 18 13:37:58 2017
elapsed time: 410 seconds (0d 0h 6m 50s)

